<?xml version="1.0" encoding="UTF-8"?>
<!-- Generated by org.testng.reporters.JUnitXMLReporter -->
<testsuite hostname="DESKTOP-1DFLKL7" failures="0" tests="100" name="Surefire test" time="0.103" errors="0" timestamp="26 Jun 2020 13:04:12 GMT">
  <testcase classname="calculator.TranslatorImplTest" name="testTranslateDummy" time="0.004"/>
  <testcase classname="calculator.TranslatorImplTest" name="testTranslateDummy" time="0.004"/>
  <testcase classname="calculator.TranslatorImplTest" name="testTranslateDummy" time="0.004"/>
  <testcase classname="calculator.TranslatorImplTest" name="testTranslateDummy" time="0.005"/>
  <testcase classname="calculator.TranslatorImplTest" name="testTranslateDummy" time="0.004"/>
  <testcase classname="calculator.TranslatorImplTest" name="testTranslateDummy" time="0.0"/>
  <testcase classname="calculator.TranslatorImplTest" name="testTranslateDummy" time="0.0"/>
  <testcase classname="calculator.TranslatorImplTest" name="testTranslateDummy" time="0.0"/>
  <testcase classname="calculator.TranslatorImplTest" name="testTranslateDummy" time="0.0"/>
  <testcase classname="calculator.TranslatorImplTest" name="testTranslateDummy" time="0.0"/>
  <testcase classname="calculator.TranslatorImplTest" name="testTranslateDummy" time="0.0"/>
  <testcase classname="calculator.TranslatorImplTest" name="testTranslateDummy" time="0.0"/>
  <testcase classname="calculator.TranslatorImplTest" name="testTranslateDummy" time="0.0"/>
  <testcase classname="calculator.TranslatorImplTest" name="testTranslateDummy" time="0.001"/>
  <testcase classname="calculator.TranslatorImplTest" name="testTranslateDummy" time="0.001"/>
  <testcase classname="calculator.TranslatorImplTest" name="testTranslateDummy" time="0.001"/>
  <testcase classname="calculator.TranslatorImplTest" name="testTranslateDummy" time="0.001"/>
  <testcase classname="calculator.TranslatorImplTest" name="testTranslateDummy" time="0.002"/>
  <testcase classname="calculator.TranslatorImplTest" name="testTranslateDummy" time="0.002"/>
  <testcase classname="calculator.TranslatorImplTest" name="testTranslateDummy" time="0.002"/>
  <testcase classname="calculator.TranslatorImplTest" name="testTranslateDummy" time="0.0"/>
  <testcase classname="calculator.TranslatorImplTest" name="testTranslateDummy" time="0.001"/>
  <testcase classname="calculator.TranslatorImplTest" name="testTranslateDummy" time="0.001"/>
  <testcase classname="calculator.TranslatorImplTest" name="testTranslateDummy" time="0.0"/>
  <testcase classname="calculator.TranslatorImplTest" name="testTranslateDummy" time="0.0"/>
  <testcase classname="calculator.TranslatorImplTest" name="testTranslateDummy" time="0.0"/>
  <testcase classname="calculator.TranslatorImplTest" name="testTranslateDummy" time="0.001"/>
  <testcase classname="calculator.TranslatorImplTest" name="testTranslateDummy" time="0.0"/>
  <testcase classname="calculator.TranslatorImplTest" name="testTranslateDummy" time="0.0"/>
  <testcase classname="calculator.TranslatorImplTest" name="testTranslateDummy" time="0.0"/>
  <testcase classname="calculator.TranslatorImplTest" name="testTranslateDummy" time="0.001"/>
  <testcase classname="calculator.TranslatorImplTest" name="testTranslateDummy" time="0.001"/>
  <testcase classname="calculator.TranslatorImplTest" name="testTranslateDummy" time="0.001"/>
  <testcase classname="calculator.TranslatorImplTest" name="testTranslateDummy" time="0.001"/>
  <testcase classname="calculator.TranslatorImplTest" name="testTranslateDummy" time="0.001"/>
  <testcase classname="calculator.TranslatorImplTest" name="testTranslateDummy" time="0.0"/>
  <testcase classname="calculator.TranslatorImplTest" name="testTranslateDummy" time="0.0"/>
  <testcase classname="calculator.TranslatorImplTest" name="testTranslateDummy" time="0.0"/>
  <testcase classname="calculator.TranslatorImplTest" name="testTranslateDummy" time="0.0"/>
  <testcase classname="calculator.TranslatorImplTest" name="testTranslateDummy" time="0.0"/>
  <testcase classname="calculator.TranslatorImplTest" name="testTranslateDummy" time="0.001"/>
  <testcase classname="calculator.TranslatorImplTest" name="testTranslateDummy" time="0.001"/>
  <testcase classname="calculator.TranslatorImplTest" name="testTranslateDummy" time="0.0"/>
  <testcase classname="calculator.TranslatorImplTest" name="testTranslateDummy" time="0.0"/>
  <testcase classname="calculator.TranslatorImplTest" name="testTranslateDummy" time="0.0"/>
  <testcase classname="calculator.TranslatorImplTest" name="testTranslateDummy" time="0.0"/>
  <testcase classname="calculator.TranslatorImplTest" name="testTranslateDummy" time="0.0"/>
  <testcase classname="calculator.TranslatorImplTest" name="testTranslateDummy" time="0.001"/>
  <testcase classname="calculator.TranslatorImplTest" name="testTranslateDummy" time="0.001"/>
  <testcase classname="calculator.TranslatorImplTest" name="testTranslateDummy" time="0.0"/>
  <testcase classname="calculator.TranslatorImplTest" name="testTranslateDummy" time="0.0"/>
  <testcase classname="calculator.TranslatorImplTest" name="testTranslateDummy" time="0.001"/>
  <testcase classname="calculator.TranslatorImplTest" name="testTranslateDummy" time="0.001"/>
  <testcase classname="calculator.TranslatorImplTest" name="testTranslateDummy" time="0.0"/>
  <testcase classname="calculator.TranslatorImplTest" name="testTranslateDummy" time="0.0"/>
  <testcase classname="calculator.TranslatorImplTest" name="testTranslateDummy" time="0.0"/>
  <testcase classname="calculator.TranslatorImplTest" name="testTranslateDummy" time="0.001"/>
  <testcase classname="calculator.TranslatorImplTest" name="testTranslateDummy" time="0.0"/>
  <testcase classname="calculator.TranslatorImplTest" name="testTranslateDummy" time="0.0"/>
  <testcase classname="calculator.TranslatorImplTest" name="testTranslateDummy" time="0.0"/>
  <testcase classname="calculator.TranslatorImplTest" name="testTranslateDummy" time="0.001"/>
  <testcase classname="calculator.TranslatorImplTest" name="testTranslateDummy" time="0.001"/>
  <testcase classname="calculator.TranslatorImplTest" name="testTranslateDummy" time="0.0"/>
  <testcase classname="calculator.TranslatorImplTest" name="testTranslateDummy" time="0.0"/>
  <testcase classname="calculator.TranslatorImplTest" name="testTranslateDummy" time="0.0"/>
  <testcase classname="calculator.TranslatorImplTest" name="testTranslateDummy" time="0.0"/>
  <testcase classname="calculator.TranslatorImplTest" name="testTranslateDummy" time="0.0"/>
  <testcase classname="calculator.TranslatorImplTest" name="testTranslateDummy" time="0.0"/>
  <testcase classname="calculator.TranslatorImplTest" name="testTranslateDummy" time="0.0"/>
  <testcase classname="calculator.TranslatorImplTest" name="testTranslateDummy" time="0.0"/>
  <testcase classname="calculator.TranslatorImplTest" name="testTranslateDummy" time="0.0"/>
  <testcase classname="calculator.TranslatorImplTest" name="testTranslateDummy" time="0.0"/>
  <testcase classname="calculator.TranslatorImplTest" name="testTranslateDummy" time="0.0"/>
  <testcase classname="calculator.TranslatorImplTest" name="testTranslateDummy" time="0.0"/>
  <testcase classname="calculator.TranslatorImplTest" name="testTranslateDummy" time="0.001"/>
  <testcase classname="calculator.TranslatorImplTest" name="testTranslateDummy" time="0.0"/>
  <testcase classname="calculator.TranslatorImplTest" name="testTranslateDummy" time="0.0"/>
  <testcase classname="calculator.TranslatorImplTest" name="testTranslateDummy" time="0.0"/>
  <testcase classname="calculator.TranslatorImplTest" name="testTranslateDummy" time="0.0"/>
  <testcase classname="calculator.TranslatorImplTest" name="testTranslateDummy" time="0.0"/>
  <testcase classname="calculator.TranslatorImplTest" name="testTranslateDummy" time="0.001"/>
  <testcase classname="calculator.TranslatorImplTest" name="testTranslateDummy" time="0.0"/>
  <testcase classname="calculator.TranslatorImplTest" name="testTranslateDummy" time="0.0"/>
  <testcase classname="calculator.TranslatorImplTest" name="testTranslateDummy" time="0.001"/>
  <testcase classname="calculator.TranslatorImplTest" name="testTranslateDummy" time="0.0"/>
  <testcase classname="calculator.TranslatorImplTest" name="testTranslateDummy" time="0.0"/>
  <testcase classname="calculator.TranslatorImplTest" name="testTranslateDummy" time="0.0"/>
  <testcase classname="calculator.TranslatorImplTest" name="testTranslateDummy" time="0.0"/>
  <testcase classname="calculator.TranslatorImplTest" name="testTranslateDummy" time="0.0"/>
  <testcase classname="calculator.TranslatorImplTest" name="testTranslateDummy" time="0.0"/>
  <testcase classname="calculator.TranslatorImplTest" name="testTranslateDummy" time="0.0"/>
  <testcase classname="calculator.TranslatorImplTest" name="testTranslateDummy" time="0.0"/>
  <testcase classname="calculator.TranslatorImplTest" name="testTranslateDummy" time="0.0"/>
  <testcase classname="calculator.TranslatorImplTest" name="testTranslateDummy" time="0.0"/>
  <testcase classname="calculator.TranslatorImplTest" name="testTranslateDummy" time="0.0"/>
  <testcase classname="calculator.TranslatorImplTest" name="testTranslateDummy" time="0.0"/>
  <testcase classname="calculator.TranslatorImplTest" name="testTranslateDummy" time="0.0"/>
  <testcase classname="calculator.TranslatorImplTest" name="testTranslateDummy" time="0.0"/>
  <testcase classname="calculator.TranslatorImplTest" name="testTranslateDummy" time="0.001"/>
  <testcase classname="calculator.TranslatorImplTest" name="testTranslateDummy" time="0.0"/>
</testsuite> <!-- Surefire test -->
