<?xml version="1.0" encoding="UTF-8"?>
<testng-results total="100" passed="100" failed="0" skipped="0">
  <reporter-output>
  </reporter-output>
  <suite started-at="2020-06-26T13:04:12Z" name="Surefire suite" finished-at="2020-06-26T13:04:12Z" duration-ms="103">
    <groups>
    </groups>
    <test started-at="2020-06-26T13:04:12Z" name="Surefire test" finished-at="2020-06-26T13:04:12Z" duration-ms="103">
      <class name="calculator.TranslatorImplTest">
        <test-method is-config="true" signature="setUp()[pri:0, instance:calculator.TranslatorImplTest@2f490758]" started-at="2020-06-26T08:04:12Z" name="setUp" finished-at="2020-06-26T08:04:12Z" duration-ms="14" status="PASS">
          <reporter-output>
          </reporter-output>
        </test-method> <!-- setUp -->
        <test-method is-config="true" signature="setUp()[pri:0, instance:calculator.TranslatorImplTest@2f490758]" started-at="2020-06-26T08:04:12Z" name="setUp" finished-at="2020-06-26T08:04:12Z" duration-ms="14" status="PASS">
          <reporter-output>
          </reporter-output>
        </test-method> <!-- setUp -->
        <test-method is-config="true" signature="setUp()[pri:0, instance:calculator.TranslatorImplTest@2f490758]" started-at="2020-06-26T08:04:12Z" name="setUp" finished-at="2020-06-26T08:04:12Z" duration-ms="14" status="PASS">
          <reporter-output>
          </reporter-output>
        </test-method> <!-- setUp -->
        <test-method is-config="true" signature="setUp()[pri:0, instance:calculator.TranslatorImplTest@2f490758]" started-at="2020-06-26T08:04:12Z" name="setUp" finished-at="2020-06-26T08:04:12Z" duration-ms="15" status="PASS">
          <reporter-output>
          </reporter-output>
        </test-method> <!-- setUp -->
        <test-method is-config="true" signature="setUp()[pri:0, instance:calculator.TranslatorImplTest@2f490758]" started-at="2020-06-26T08:04:12Z" name="setUp" finished-at="2020-06-26T08:04:12Z" duration-ms="15" status="PASS">
          <reporter-output>
          </reporter-output>
        </test-method> <!-- setUp -->
        <test-method signature="testTranslateDummy()[pri:0, instance:calculator.TranslatorImplTest@2f490758]" started-at="2020-06-26T08:04:12Z" name="testTranslateDummy" finished-at="2020-06-26T08:04:12Z" duration-ms="5" status="PASS">
          <reporter-output>
          </reporter-output>
        </test-method> <!-- testTranslateDummy -->
        <test-method signature="testTranslateDummy()[pri:0, instance:calculator.TranslatorImplTest@2f490758]" started-at="2020-06-26T08:04:12Z" name="testTranslateDummy" finished-at="2020-06-26T08:04:12Z" duration-ms="4" status="PASS">
          <reporter-output>
          </reporter-output>
        </test-method> <!-- testTranslateDummy -->
        <test-method signature="testTranslateDummy()[pri:0, instance:calculator.TranslatorImplTest@2f490758]" started-at="2020-06-26T08:04:12Z" name="testTranslateDummy" finished-at="2020-06-26T08:04:12Z" duration-ms="4" status="PASS">
          <reporter-output>
          </reporter-output>
        </test-method> <!-- testTranslateDummy -->
        <test-method signature="testTranslateDummy()[pri:0, instance:calculator.TranslatorImplTest@2f490758]" started-at="2020-06-26T08:04:12Z" name="testTranslateDummy" finished-at="2020-06-26T08:04:12Z" duration-ms="4" status="PASS">
          <reporter-output>
          </reporter-output>
        </test-method> <!-- testTranslateDummy -->
        <test-method signature="testTranslateDummy()[pri:0, instance:calculator.TranslatorImplTest@2f490758]" started-at="2020-06-26T08:04:12Z" name="testTranslateDummy" finished-at="2020-06-26T08:04:12Z" duration-ms="4" status="PASS">
          <reporter-output>
          </reporter-output>
        </test-method> <!-- testTranslateDummy -->
        <test-method is-config="true" signature="setUp()[pri:0, instance:calculator.TranslatorImplTest@2f490758]" started-at="2020-06-26T08:04:12Z" name="setUp" finished-at="2020-06-26T08:04:12Z" duration-ms="1" status="PASS">
          <reporter-output>
          </reporter-output>
        </test-method> <!-- setUp -->
        <test-method is-config="true" signature="setUp()[pri:0, instance:calculator.TranslatorImplTest@2f490758]" started-at="2020-06-26T08:04:12Z" name="setUp" finished-at="2020-06-26T08:04:12Z" duration-ms="0" status="PASS">
          <reporter-output>
          </reporter-output>
        </test-method> <!-- setUp -->
        <test-method is-config="true" signature="setUp()[pri:0, instance:calculator.TranslatorImplTest@2f490758]" started-at="2020-06-26T08:04:12Z" name="setUp" finished-at="2020-06-26T08:04:12Z" duration-ms="0" status="PASS">
          <reporter-output>
          </reporter-output>
        </test-method> <!-- setUp -->
        <test-method signature="testTranslateDummy()[pri:0, instance:calculator.TranslatorImplTest@2f490758]" started-at="2020-06-26T08:04:12Z" name="testTranslateDummy" finished-at="2020-06-26T08:04:12Z" duration-ms="0" status="PASS">
          <reporter-output>
          </reporter-output>
        </test-method> <!-- testTranslateDummy -->
        <test-method signature="testTranslateDummy()[pri:0, instance:calculator.TranslatorImplTest@2f490758]" started-at="2020-06-26T08:04:12Z" name="testTranslateDummy" finished-at="2020-06-26T08:04:12Z" duration-ms="0" status="PASS">
          <reporter-output>
          </reporter-output>
        </test-method> <!-- testTranslateDummy -->
        <test-method is-config="true" signature="setUp()[pri:0, instance:calculator.TranslatorImplTest@2f490758]" started-at="2020-06-26T08:04:12Z" name="setUp" finished-at="2020-06-26T08:04:12Z" duration-ms="0" status="PASS">
          <reporter-output>
          </reporter-output>
        </test-method> <!-- setUp -->
        <test-method signature="testTranslateDummy()[pri:0, instance:calculator.TranslatorImplTest@2f490758]" started-at="2020-06-26T08:04:12Z" name="testTranslateDummy" finished-at="2020-06-26T08:04:12Z" duration-ms="0" status="PASS">
          <reporter-output>
          </reporter-output>
        </test-method> <!-- testTranslateDummy -->
        <test-method signature="testTranslateDummy()[pri:0, instance:calculator.TranslatorImplTest@2f490758]" started-at="2020-06-26T08:04:12Z" name="testTranslateDummy" finished-at="2020-06-26T08:04:12Z" duration-ms="0" status="PASS">
          <reporter-output>
          </reporter-output>
        </test-method> <!-- testTranslateDummy -->
        <test-method signature="testTranslateDummy()[pri:0, instance:calculator.TranslatorImplTest@2f490758]" started-at="2020-06-26T08:04:12Z" name="testTranslateDummy" finished-at="2020-06-26T08:04:12Z" duration-ms="0" status="PASS">
          <reporter-output>
          </reporter-output>
        </test-method> <!-- testTranslateDummy -->
        <test-method is-config="true" signature="setUp()[pri:0, instance:calculator.TranslatorImplTest@2f490758]" started-at="2020-06-26T08:04:12Z" name="setUp" finished-at="2020-06-26T08:04:12Z" duration-ms="0" status="PASS">
          <reporter-output>
          </reporter-output>
        </test-method> <!-- setUp -->
        <test-method signature="testTranslateDummy()[pri:0, instance:calculator.TranslatorImplTest@2f490758]" started-at="2020-06-26T08:04:12Z" name="testTranslateDummy" finished-at="2020-06-26T08:04:12Z" duration-ms="0" status="PASS">
          <reporter-output>
          </reporter-output>
        </test-method> <!-- testTranslateDummy -->
        <test-method is-config="true" signature="setUp()[pri:0, instance:calculator.TranslatorImplTest@2f490758]" started-at="2020-06-26T08:04:12Z" name="setUp" finished-at="2020-06-26T08:04:12Z" duration-ms="0" status="PASS">
          <reporter-output>
          </reporter-output>
        </test-method> <!-- setUp -->
        <test-method signature="testTranslateDummy()[pri:0, instance:calculator.TranslatorImplTest@2f490758]" started-at="2020-06-26T08:04:12Z" name="testTranslateDummy" finished-at="2020-06-26T08:04:12Z" duration-ms="0" status="PASS">
          <reporter-output>
          </reporter-output>
        </test-method> <!-- testTranslateDummy -->
        <test-method is-config="true" signature="setUp()[pri:0, instance:calculator.TranslatorImplTest@2f490758]" started-at="2020-06-26T08:04:12Z" name="setUp" finished-at="2020-06-26T08:04:12Z" duration-ms="0" status="PASS">
          <reporter-output>
          </reporter-output>
        </test-method> <!-- setUp -->
        <test-method signature="testTranslateDummy()[pri:0, instance:calculator.TranslatorImplTest@2f490758]" started-at="2020-06-26T08:04:12Z" name="testTranslateDummy" finished-at="2020-06-26T08:04:12Z" duration-ms="1" status="PASS">
          <reporter-output>
          </reporter-output>
        </test-method> <!-- testTranslateDummy -->
        <test-method signature="testTranslateDummy()[pri:0, instance:calculator.TranslatorImplTest@2f490758]" started-at="2020-06-26T08:04:12Z" name="testTranslateDummy" finished-at="2020-06-26T08:04:12Z" duration-ms="0" status="PASS">
          <reporter-output>
          </reporter-output>
        </test-method> <!-- testTranslateDummy -->
        <test-method is-config="true" signature="setUp()[pri:0, instance:calculator.TranslatorImplTest@2f490758]" started-at="2020-06-26T08:04:12Z" name="setUp" finished-at="2020-06-26T08:04:12Z" duration-ms="0" status="PASS">
          <reporter-output>
          </reporter-output>
        </test-method> <!-- setUp -->
        <test-method is-config="true" signature="setUp()[pri:0, instance:calculator.TranslatorImplTest@2f490758]" started-at="2020-06-26T08:04:12Z" name="setUp" finished-at="2020-06-26T08:04:12Z" duration-ms="0" status="PASS">
          <reporter-output>
          </reporter-output>
        </test-method> <!-- setUp -->
        <test-method signature="testTranslateDummy()[pri:0, instance:calculator.TranslatorImplTest@2f490758]" started-at="2020-06-26T08:04:12Z" name="testTranslateDummy" finished-at="2020-06-26T08:04:12Z" duration-ms="1" status="PASS">
          <reporter-output>
          </reporter-output>
        </test-method> <!-- testTranslateDummy -->
        <test-method is-config="true" signature="setUp()[pri:0, instance:calculator.TranslatorImplTest@2f490758]" started-at="2020-06-26T08:04:12Z" name="setUp" finished-at="2020-06-26T08:04:12Z" duration-ms="0" status="PASS">
          <reporter-output>
          </reporter-output>
        </test-method> <!-- setUp -->
        <test-method is-config="true" signature="setUp()[pri:0, instance:calculator.TranslatorImplTest@2f490758]" started-at="2020-06-26T08:04:12Z" name="setUp" finished-at="2020-06-26T08:04:12Z" duration-ms="4" status="PASS">
          <reporter-output>
          </reporter-output>
        </test-method> <!-- setUp -->
        <test-method is-config="true" signature="setUp()[pri:0, instance:calculator.TranslatorImplTest@2f490758]" started-at="2020-06-26T08:04:12Z" name="setUp" finished-at="2020-06-26T08:04:12Z" duration-ms="4" status="PASS">
          <reporter-output>
          </reporter-output>
        </test-method> <!-- setUp -->
        <test-method is-config="true" signature="setUp()[pri:0, instance:calculator.TranslatorImplTest@2f490758]" started-at="2020-06-26T08:04:12Z" name="setUp" finished-at="2020-06-26T08:04:12Z" duration-ms="4" status="PASS">
          <reporter-output>
          </reporter-output>
        </test-method> <!-- setUp -->
        <test-method is-config="true" signature="setUp()[pri:0, instance:calculator.TranslatorImplTest@2f490758]" started-at="2020-06-26T08:04:12Z" name="setUp" finished-at="2020-06-26T08:04:12Z" duration-ms="4" status="PASS">
          <reporter-output>
          </reporter-output>
        </test-method> <!-- setUp -->
        <test-method is-config="true" signature="setUp()[pri:0, instance:calculator.TranslatorImplTest@2f490758]" started-at="2020-06-26T08:04:12Z" name="setUp" finished-at="2020-06-26T08:04:12Z" duration-ms="4" status="PASS">
          <reporter-output>
          </reporter-output>
        </test-method> <!-- setUp -->
        <test-method signature="testTranslateDummy()[pri:0, instance:calculator.TranslatorImplTest@2f490758]" started-at="2020-06-26T08:04:12Z" name="testTranslateDummy" finished-at="2020-06-26T08:04:12Z" duration-ms="1" status="PASS">
          <reporter-output>
          </reporter-output>
        </test-method> <!-- testTranslateDummy -->
        <test-method signature="testTranslateDummy()[pri:0, instance:calculator.TranslatorImplTest@2f490758]" started-at="2020-06-26T08:04:12Z" name="testTranslateDummy" finished-at="2020-06-26T08:04:12Z" duration-ms="1" status="PASS">
          <reporter-output>
          </reporter-output>
        </test-method> <!-- testTranslateDummy -->
        <test-method signature="testTranslateDummy()[pri:0, instance:calculator.TranslatorImplTest@2f490758]" started-at="2020-06-26T08:04:12Z" name="testTranslateDummy" finished-at="2020-06-26T08:04:12Z" duration-ms="2" status="PASS">
          <reporter-output>
          </reporter-output>
        </test-method> <!-- testTranslateDummy -->
        <test-method signature="testTranslateDummy()[pri:0, instance:calculator.TranslatorImplTest@2f490758]" started-at="2020-06-26T08:04:12Z" name="testTranslateDummy" finished-at="2020-06-26T08:04:12Z" duration-ms="2" status="PASS">
          <reporter-output>
          </reporter-output>
        </test-method> <!-- testTranslateDummy -->
        <test-method signature="testTranslateDummy()[pri:0, instance:calculator.TranslatorImplTest@2f490758]" started-at="2020-06-26T08:04:12Z" name="testTranslateDummy" finished-at="2020-06-26T08:04:12Z" duration-ms="2" status="PASS">
          <reporter-output>
          </reporter-output>
        </test-method> <!-- testTranslateDummy -->
        <test-method is-config="true" signature="setUp()[pri:0, instance:calculator.TranslatorImplTest@2f490758]" started-at="2020-06-26T08:04:12Z" name="setUp" finished-at="2020-06-26T08:04:12Z" duration-ms="0" status="PASS">
          <reporter-output>
          </reporter-output>
        </test-method> <!-- setUp -->
        <test-method signature="testTranslateDummy()[pri:0, instance:calculator.TranslatorImplTest@2f490758]" started-at="2020-06-26T08:04:12Z" name="testTranslateDummy" finished-at="2020-06-26T08:04:12Z" duration-ms="0" status="PASS">
          <reporter-output>
          </reporter-output>
        </test-method> <!-- testTranslateDummy -->
        <test-method signature="testTranslateDummy()[pri:0, instance:calculator.TranslatorImplTest@2f490758]" started-at="2020-06-26T08:04:12Z" name="testTranslateDummy" finished-at="2020-06-26T08:04:12Z" duration-ms="1" status="PASS">
          <reporter-output>
          </reporter-output>
        </test-method> <!-- testTranslateDummy -->
        <test-method is-config="true" signature="setUp()[pri:0, instance:calculator.TranslatorImplTest@2f490758]" started-at="2020-06-26T08:04:12Z" name="setUp" finished-at="2020-06-26T08:04:12Z" duration-ms="0" status="PASS">
          <reporter-output>
          </reporter-output>
        </test-method> <!-- setUp -->
        <test-method is-config="true" signature="setUp()[pri:0, instance:calculator.TranslatorImplTest@2f490758]" started-at="2020-06-26T08:04:12Z" name="setUp" finished-at="2020-06-26T08:04:12Z" duration-ms="0" status="PASS">
          <reporter-output>
          </reporter-output>
        </test-method> <!-- setUp -->
        <test-method signature="testTranslateDummy()[pri:0, instance:calculator.TranslatorImplTest@2f490758]" started-at="2020-06-26T08:04:12Z" name="testTranslateDummy" finished-at="2020-06-26T08:04:12Z" duration-ms="1" status="PASS">
          <reporter-output>
          </reporter-output>
        </test-method> <!-- testTranslateDummy -->
        <test-method signature="testTranslateDummy()[pri:0, instance:calculator.TranslatorImplTest@2f490758]" started-at="2020-06-26T08:04:12Z" name="testTranslateDummy" finished-at="2020-06-26T08:04:12Z" duration-ms="0" status="PASS">
          <reporter-output>
          </reporter-output>
        </test-method> <!-- testTranslateDummy -->
        <test-method signature="testTranslateDummy()[pri:0, instance:calculator.TranslatorImplTest@2f490758]" started-at="2020-06-26T08:04:12Z" name="testTranslateDummy" finished-at="2020-06-26T08:04:12Z" duration-ms="0" status="PASS">
          <reporter-output>
          </reporter-output>
        </test-method> <!-- testTranslateDummy -->
        <test-method is-config="true" signature="setUp()[pri:0, instance:calculator.TranslatorImplTest@2f490758]" started-at="2020-06-26T08:04:12Z" name="setUp" finished-at="2020-06-26T08:04:12Z" duration-ms="0" status="PASS">
          <reporter-output>
          </reporter-output>
        </test-method> <!-- setUp -->
        <test-method is-config="true" signature="setUp()[pri:0, instance:calculator.TranslatorImplTest@2f490758]" started-at="2020-06-26T08:04:12Z" name="setUp" finished-at="2020-06-26T08:04:12Z" duration-ms="1" status="PASS">
          <reporter-output>
          </reporter-output>
        </test-method> <!-- setUp -->
        <test-method is-config="true" signature="setUp()[pri:0, instance:calculator.TranslatorImplTest@2f490758]" started-at="2020-06-26T08:04:12Z" name="setUp" finished-at="2020-06-26T08:04:12Z" duration-ms="0" status="PASS">
          <reporter-output>
          </reporter-output>
        </test-method> <!-- setUp -->
        <test-method is-config="true" signature="setUp()[pri:0, instance:calculator.TranslatorImplTest@2f490758]" started-at="2020-06-26T08:04:12Z" name="setUp" finished-at="2020-06-26T08:04:12Z" duration-ms="0" status="PASS">
          <reporter-output>
          </reporter-output>
        </test-method> <!-- setUp -->
        <test-method signature="testTranslateDummy()[pri:0, instance:calculator.TranslatorImplTest@2f490758]" started-at="2020-06-26T08:04:12Z" name="testTranslateDummy" finished-at="2020-06-26T08:04:12Z" duration-ms="0" status="PASS">
          <reporter-output>
          </reporter-output>
        </test-method> <!-- testTranslateDummy -->
        <test-method is-config="true" signature="setUp()[pri:0, instance:calculator.TranslatorImplTest@2f490758]" started-at="2020-06-26T08:04:12Z" name="setUp" finished-at="2020-06-26T08:04:12Z" duration-ms="0" status="PASS">
          <reporter-output>
          </reporter-output>
        </test-method> <!-- setUp -->
        <test-method signature="testTranslateDummy()[pri:0, instance:calculator.TranslatorImplTest@2f490758]" started-at="2020-06-26T08:04:12Z" name="testTranslateDummy" finished-at="2020-06-26T08:04:12Z" duration-ms="1" status="PASS">
          <reporter-output>
          </reporter-output>
        </test-method> <!-- testTranslateDummy -->
        <test-method is-config="true" signature="setUp()[pri:0, instance:calculator.TranslatorImplTest@2f490758]" started-at="2020-06-26T08:04:12Z" name="setUp" finished-at="2020-06-26T08:04:12Z" duration-ms="0" status="PASS">
          <reporter-output>
          </reporter-output>
        </test-method> <!-- setUp -->
        <test-method signature="testTranslateDummy()[pri:0, instance:calculator.TranslatorImplTest@2f490758]" started-at="2020-06-26T08:04:12Z" name="testTranslateDummy" finished-at="2020-06-26T08:04:12Z" duration-ms="0" status="PASS">
          <reporter-output>
          </reporter-output>
        </test-method> <!-- testTranslateDummy -->
        <test-method signature="testTranslateDummy()[pri:0, instance:calculator.TranslatorImplTest@2f490758]" started-at="2020-06-26T08:04:12Z" name="testTranslateDummy" finished-at="2020-06-26T08:04:12Z" duration-ms="0" status="PASS">
          <reporter-output>
          </reporter-output>
        </test-method> <!-- testTranslateDummy -->
        <test-method signature="testTranslateDummy()[pri:0, instance:calculator.TranslatorImplTest@2f490758]" started-at="2020-06-26T08:04:12Z" name="testTranslateDummy" finished-at="2020-06-26T08:04:12Z" duration-ms="1" status="PASS">
          <reporter-output>
          </reporter-output>
        </test-method> <!-- testTranslateDummy -->
        <test-method signature="testTranslateDummy()[pri:0, instance:calculator.TranslatorImplTest@2f490758]" started-at="2020-06-26T08:04:12Z" name="testTranslateDummy" finished-at="2020-06-26T08:04:12Z" duration-ms="0" status="PASS">
          <reporter-output>
          </reporter-output>
        </test-method> <!-- testTranslateDummy -->
        <test-method signature="testTranslateDummy()[pri:0, instance:calculator.TranslatorImplTest@2f490758]" started-at="2020-06-26T08:04:12Z" name="testTranslateDummy" finished-at="2020-06-26T08:04:12Z" duration-ms="1" status="PASS">
          <reporter-output>
          </reporter-output>
        </test-method> <!-- testTranslateDummy -->
        <test-method is-config="true" signature="setUp()[pri:0, instance:calculator.TranslatorImplTest@2f490758]" started-at="2020-06-26T08:04:12Z" name="setUp" finished-at="2020-06-26T08:04:12Z" duration-ms="0" status="PASS">
          <reporter-output>
          </reporter-output>
        </test-method> <!-- setUp -->
        <test-method signature="testTranslateDummy()[pri:0, instance:calculator.TranslatorImplTest@2f490758]" started-at="2020-06-26T08:04:12Z" name="testTranslateDummy" finished-at="2020-06-26T08:04:12Z" duration-ms="1" status="PASS">
          <reporter-output>
          </reporter-output>
        </test-method> <!-- testTranslateDummy -->
        <test-method is-config="true" signature="setUp()[pri:0, instance:calculator.TranslatorImplTest@2f490758]" started-at="2020-06-26T08:04:12Z" name="setUp" finished-at="2020-06-26T08:04:12Z" duration-ms="0" status="PASS">
          <reporter-output>
          </reporter-output>
        </test-method> <!-- setUp -->
        <test-method is-config="true" signature="setUp()[pri:0, instance:calculator.TranslatorImplTest@2f490758]" started-at="2020-06-26T08:04:12Z" name="setUp" finished-at="2020-06-26T08:04:12Z" duration-ms="0" status="PASS">
          <reporter-output>
          </reporter-output>
        </test-method> <!-- setUp -->
        <test-method is-config="true" signature="setUp()[pri:0, instance:calculator.TranslatorImplTest@2f490758]" started-at="2020-06-26T08:04:12Z" name="setUp" finished-at="2020-06-26T08:04:12Z" duration-ms="0" status="PASS">
          <reporter-output>
          </reporter-output>
        </test-method> <!-- setUp -->
        <test-method signature="testTranslateDummy()[pri:0, instance:calculator.TranslatorImplTest@2f490758]" started-at="2020-06-26T08:04:12Z" name="testTranslateDummy" finished-at="2020-06-26T08:04:12Z" duration-ms="1" status="PASS">
          <reporter-output>
          </reporter-output>
        </test-method> <!-- testTranslateDummy -->
        <test-method is-config="true" signature="setUp()[pri:0, instance:calculator.TranslatorImplTest@2f490758]" started-at="2020-06-26T08:04:12Z" name="setUp" finished-at="2020-06-26T08:04:12Z" duration-ms="0" status="PASS">
          <reporter-output>
          </reporter-output>
        </test-method> <!-- setUp -->
        <test-method is-config="true" signature="setUp()[pri:0, instance:calculator.TranslatorImplTest@2f490758]" started-at="2020-06-26T08:04:12Z" name="setUp" finished-at="2020-06-26T08:04:12Z" duration-ms="1" status="PASS">
          <reporter-output>
          </reporter-output>
        </test-method> <!-- setUp -->
        <test-method signature="testTranslateDummy()[pri:0, instance:calculator.TranslatorImplTest@2f490758]" started-at="2020-06-26T08:04:12Z" name="testTranslateDummy" finished-at="2020-06-26T08:04:12Z" duration-ms="1" status="PASS">
          <reporter-output>
          </reporter-output>
        </test-method> <!-- testTranslateDummy -->
        <test-method is-config="true" signature="setUp()[pri:0, instance:calculator.TranslatorImplTest@2f490758]" started-at="2020-06-26T08:04:12Z" name="setUp" finished-at="2020-06-26T08:04:12Z" duration-ms="0" status="PASS">
          <reporter-output>
          </reporter-output>
        </test-method> <!-- setUp -->
        <test-method is-config="true" signature="setUp()[pri:0, instance:calculator.TranslatorImplTest@2f490758]" started-at="2020-06-26T08:04:12Z" name="setUp" finished-at="2020-06-26T08:04:12Z" duration-ms="1" status="PASS">
          <reporter-output>
          </reporter-output>
        </test-method> <!-- setUp -->
        <test-method is-config="true" signature="setUp()[pri:0, instance:calculator.TranslatorImplTest@2f490758]" started-at="2020-06-26T08:04:12Z" name="setUp" finished-at="2020-06-26T08:04:12Z" duration-ms="1" status="PASS">
          <reporter-output>
          </reporter-output>
        </test-method> <!-- setUp -->
        <test-method signature="testTranslateDummy()[pri:0, instance:calculator.TranslatorImplTest@2f490758]" started-at="2020-06-26T08:04:12Z" name="testTranslateDummy" finished-at="2020-06-26T08:04:12Z" duration-ms="0" status="PASS">
          <reporter-output>
          </reporter-output>
        </test-method> <!-- testTranslateDummy -->
        <test-method is-config="true" signature="setUp()[pri:0, instance:calculator.TranslatorImplTest@2f490758]" started-at="2020-06-26T08:04:12Z" name="setUp" finished-at="2020-06-26T08:04:12Z" duration-ms="0" status="PASS">
          <reporter-output>
          </reporter-output>
        </test-method> <!-- setUp -->
        <test-method signature="testTranslateDummy()[pri:0, instance:calculator.TranslatorImplTest@2f490758]" started-at="2020-06-26T08:04:12Z" name="testTranslateDummy" finished-at="2020-06-26T08:04:12Z" duration-ms="0" status="PASS">
          <reporter-output>
          </reporter-output>
        </test-method> <!-- testTranslateDummy -->
        <test-method signature="testTranslateDummy()[pri:0, instance:calculator.TranslatorImplTest@2f490758]" started-at="2020-06-26T08:04:12Z" name="testTranslateDummy" finished-at="2020-06-26T08:04:12Z" duration-ms="0" status="PASS">
          <reporter-output>
          </reporter-output>
        </test-method> <!-- testTranslateDummy -->
        <test-method signature="testTranslateDummy()[pri:0, instance:calculator.TranslatorImplTest@2f490758]" started-at="2020-06-26T08:04:12Z" name="testTranslateDummy" finished-at="2020-06-26T08:04:12Z" duration-ms="0" status="PASS">
          <reporter-output>
          </reporter-output>
        </test-method> <!-- testTranslateDummy -->
        <test-method is-config="true" signature="setUp()[pri:0, instance:calculator.TranslatorImplTest@2f490758]" started-at="2020-06-26T08:04:12Z" name="setUp" finished-at="2020-06-26T08:04:12Z" duration-ms="0" status="PASS">
          <reporter-output>
          </reporter-output>
        </test-method> <!-- setUp -->
        <test-method is-config="true" signature="setUp()[pri:0, instance:calculator.TranslatorImplTest@2f490758]" started-at="2020-06-26T08:04:12Z" name="setUp" finished-at="2020-06-26T08:04:12Z" duration-ms="1" status="PASS">
          <reporter-output>
          </reporter-output>
        </test-method> <!-- setUp -->
        <test-method signature="testTranslateDummy()[pri:0, instance:calculator.TranslatorImplTest@2f490758]" started-at="2020-06-26T08:04:12Z" name="testTranslateDummy" finished-at="2020-06-26T08:04:12Z" duration-ms="0" status="PASS">
          <reporter-output>
          </reporter-output>
        </test-method> <!-- testTranslateDummy -->
        <test-method is-config="true" signature="setUp()[pri:0, instance:calculator.TranslatorImplTest@2f490758]" started-at="2020-06-26T08:04:12Z" name="setUp" finished-at="2020-06-26T08:04:12Z" duration-ms="0" status="PASS">
          <reporter-output>
          </reporter-output>
        </test-method> <!-- setUp -->
        <test-method signature="testTranslateDummy()[pri:0, instance:calculator.TranslatorImplTest@2f490758]" started-at="2020-06-26T08:04:12Z" name="testTranslateDummy" finished-at="2020-06-26T08:04:12Z" duration-ms="1" status="PASS">
          <reporter-output>
          </reporter-output>
        </test-method> <!-- testTranslateDummy -->
        <test-method is-config="true" signature="setUp()[pri:0, instance:calculator.TranslatorImplTest@2f490758]" started-at="2020-06-26T08:04:12Z" name="setUp" finished-at="2020-06-26T08:04:12Z" duration-ms="0" status="PASS">
          <reporter-output>
          </reporter-output>
        </test-method> <!-- setUp -->
        <test-method signature="testTranslateDummy()[pri:0, instance:calculator.TranslatorImplTest@2f490758]" started-at="2020-06-26T08:04:12Z" name="testTranslateDummy" finished-at="2020-06-26T08:04:12Z" duration-ms="1" status="PASS">
          <reporter-output>
          </reporter-output>
        </test-method> <!-- testTranslateDummy -->
        <test-method signature="testTranslateDummy()[pri:0, instance:calculator.TranslatorImplTest@2f490758]" started-at="2020-06-26T08:04:12Z" name="testTranslateDummy" finished-at="2020-06-26T08:04:12Z" duration-ms="1" status="PASS">
          <reporter-output>
          </reporter-output>
        </test-method> <!-- testTranslateDummy -->
        <test-method is-config="true" signature="setUp()[pri:0, instance:calculator.TranslatorImplTest@2f490758]" started-at="2020-06-26T08:04:12Z" name="setUp" finished-at="2020-06-26T08:04:12Z" duration-ms="0" status="PASS">
          <reporter-output>
          </reporter-output>
        </test-method> <!-- setUp -->
        <test-method signature="testTranslateDummy()[pri:0, instance:calculator.TranslatorImplTest@2f490758]" started-at="2020-06-26T08:04:12Z" name="testTranslateDummy" finished-at="2020-06-26T08:04:12Z" duration-ms="1" status="PASS">
          <reporter-output>
          </reporter-output>
        </test-method> <!-- testTranslateDummy -->
        <test-method is-config="true" signature="setUp()[pri:0, instance:calculator.TranslatorImplTest@2f490758]" started-at="2020-06-26T08:04:12Z" name="setUp" finished-at="2020-06-26T08:04:12Z" duration-ms="0" status="PASS">
          <reporter-output>
          </reporter-output>
        </test-method> <!-- setUp -->
        <test-method is-config="true" signature="setUp()[pri:0, instance:calculator.TranslatorImplTest@2f490758]" started-at="2020-06-26T08:04:12Z" name="setUp" finished-at="2020-06-26T08:04:12Z" duration-ms="0" status="PASS">
          <reporter-output>
          </reporter-output>
        </test-method> <!-- setUp -->
        <test-method signature="testTranslateDummy()[pri:0, instance:calculator.TranslatorImplTest@2f490758]" started-at="2020-06-26T08:04:12Z" name="testTranslateDummy" finished-at="2020-06-26T08:04:12Z" duration-ms="0" status="PASS">
          <reporter-output>
          </reporter-output>
        </test-method> <!-- testTranslateDummy -->
        <test-method is-config="true" signature="setUp()[pri:0, instance:calculator.TranslatorImplTest@2f490758]" started-at="2020-06-26T08:04:12Z" name="setUp" finished-at="2020-06-26T08:04:12Z" duration-ms="0" status="PASS">
          <reporter-output>
          </reporter-output>
        </test-method> <!-- setUp -->
        <test-method is-config="true" signature="setUp()[pri:0, instance:calculator.TranslatorImplTest@2f490758]" started-at="2020-06-26T08:04:12Z" name="setUp" finished-at="2020-06-26T08:04:12Z" duration-ms="0" status="PASS">
          <reporter-output>
          </reporter-output>
        </test-method> <!-- setUp -->
        <test-method signature="testTranslateDummy()[pri:0, instance:calculator.TranslatorImplTest@2f490758]" started-at="2020-06-26T08:04:12Z" name="testTranslateDummy" finished-at="2020-06-26T08:04:12Z" duration-ms="0" status="PASS">
          <reporter-output>
          </reporter-output>
        </test-method> <!-- testTranslateDummy -->
        <test-method signature="testTranslateDummy()[pri:0, instance:calculator.TranslatorImplTest@2f490758]" started-at="2020-06-26T08:04:12Z" name="testTranslateDummy" finished-at="2020-06-26T08:04:12Z" duration-ms="0" status="PASS">
          <reporter-output>
          </reporter-output>
        </test-method> <!-- testTranslateDummy -->
        <test-method signature="testTranslateDummy()[pri:0, instance:calculator.TranslatorImplTest@2f490758]" started-at="2020-06-26T08:04:12Z" name="testTranslateDummy" finished-at="2020-06-26T08:04:12Z" duration-ms="0" status="PASS">
          <reporter-output>
          </reporter-output>
        </test-method> <!-- testTranslateDummy -->
        <test-method is-config="true" signature="setUp()[pri:0, instance:calculator.TranslatorImplTest@2f490758]" started-at="2020-06-26T08:04:12Z" name="setUp" finished-at="2020-06-26T08:04:12Z" duration-ms="1" status="PASS">
          <reporter-output>
          </reporter-output>
        </test-method> <!-- setUp -->
        <test-method is-config="true" signature="setUp()[pri:0, instance:calculator.TranslatorImplTest@2f490758]" started-at="2020-06-26T08:04:12Z" name="setUp" finished-at="2020-06-26T08:04:12Z" duration-ms="0" status="PASS">
          <reporter-output>
          </reporter-output>
        </test-method> <!-- setUp -->
        <test-method signature="testTranslateDummy()[pri:0, instance:calculator.TranslatorImplTest@2f490758]" started-at="2020-06-26T08:04:12Z" name="testTranslateDummy" finished-at="2020-06-26T08:04:12Z" duration-ms="0" status="PASS">
          <reporter-output>
          </reporter-output>
        </test-method> <!-- testTranslateDummy -->
        <test-method is-config="true" signature="setUp()[pri:0, instance:calculator.TranslatorImplTest@2f490758]" started-at="2020-06-26T08:04:12Z" name="setUp" finished-at="2020-06-26T08:04:12Z" duration-ms="1" status="PASS">
          <reporter-output>
          </reporter-output>
        </test-method> <!-- setUp -->
        <test-method signature="testTranslateDummy()[pri:0, instance:calculator.TranslatorImplTest@2f490758]" started-at="2020-06-26T08:04:12Z" name="testTranslateDummy" finished-at="2020-06-26T08:04:12Z" duration-ms="0" status="PASS">
          <reporter-output>
          </reporter-output>
        </test-method> <!-- testTranslateDummy -->
        <test-method signature="testTranslateDummy()[pri:0, instance:calculator.TranslatorImplTest@2f490758]" started-at="2020-06-26T08:04:12Z" name="testTranslateDummy" finished-at="2020-06-26T08:04:12Z" duration-ms="1" status="PASS">
          <reporter-output>
          </reporter-output>
        </test-method> <!-- testTranslateDummy -->
        <test-method is-config="true" signature="setUp()[pri:0, instance:calculator.TranslatorImplTest@2f490758]" started-at="2020-06-26T08:04:12Z" name="setUp" finished-at="2020-06-26T08:04:12Z" duration-ms="1" status="PASS">
          <reporter-output>
          </reporter-output>
        </test-method> <!-- setUp -->
        <test-method signature="testTranslateDummy()[pri:0, instance:calculator.TranslatorImplTest@2f490758]" started-at="2020-06-26T08:04:12Z" name="testTranslateDummy" finished-at="2020-06-26T08:04:12Z" duration-ms="1" status="PASS">
          <reporter-output>
          </reporter-output>
        </test-method> <!-- testTranslateDummy -->
        <test-method signature="testTranslateDummy()[pri:0, instance:calculator.TranslatorImplTest@2f490758]" started-at="2020-06-26T08:04:12Z" name="testTranslateDummy" finished-at="2020-06-26T08:04:12Z" duration-ms="0" status="PASS">
          <reporter-output>
          </reporter-output>
        </test-method> <!-- testTranslateDummy -->
        <test-method is-config="true" signature="setUp()[pri:0, instance:calculator.TranslatorImplTest@2f490758]" started-at="2020-06-26T08:04:12Z" name="setUp" finished-at="2020-06-26T08:04:12Z" duration-ms="0" status="PASS">
          <reporter-output>
          </reporter-output>
        </test-method> <!-- setUp -->
        <test-method is-config="true" signature="setUp()[pri:0, instance:calculator.TranslatorImplTest@2f490758]" started-at="2020-06-26T08:04:12Z" name="setUp" finished-at="2020-06-26T08:04:12Z" duration-ms="0" status="PASS">
          <reporter-output>
          </reporter-output>
        </test-method> <!-- setUp -->
        <test-method is-config="true" signature="setUp()[pri:0, instance:calculator.TranslatorImplTest@2f490758]" started-at="2020-06-26T08:04:12Z" name="setUp" finished-at="2020-06-26T08:04:12Z" duration-ms="0" status="PASS">
          <reporter-output>
          </reporter-output>
        </test-method> <!-- setUp -->
        <test-method is-config="true" signature="setUp()[pri:0, instance:calculator.TranslatorImplTest@2f490758]" started-at="2020-06-26T08:04:12Z" name="setUp" finished-at="2020-06-26T08:04:12Z" duration-ms="0" status="PASS">
          <reporter-output>
          </reporter-output>
        </test-method> <!-- setUp -->
        <test-method signature="testTranslateDummy()[pri:0, instance:calculator.TranslatorImplTest@2f490758]" started-at="2020-06-26T08:04:12Z" name="testTranslateDummy" finished-at="2020-06-26T08:04:12Z" duration-ms="0" status="PASS">
          <reporter-output>
          </reporter-output>
        </test-method> <!-- testTranslateDummy -->
        <test-method is-config="true" signature="setUp()[pri:0, instance:calculator.TranslatorImplTest@2f490758]" started-at="2020-06-26T08:04:12Z" name="setUp" finished-at="2020-06-26T08:04:12Z" duration-ms="0" status="PASS">
          <reporter-output>
          </reporter-output>
        </test-method> <!-- setUp -->
        <test-method signature="testTranslateDummy()[pri:0, instance:calculator.TranslatorImplTest@2f490758]" started-at="2020-06-26T08:04:12Z" name="testTranslateDummy" finished-at="2020-06-26T08:04:12Z" duration-ms="1" status="PASS">
          <reporter-output>
          </reporter-output>
        </test-method> <!-- testTranslateDummy -->
        <test-method is-config="true" signature="setUp()[pri:0, instance:calculator.TranslatorImplTest@2f490758]" started-at="2020-06-26T08:04:12Z" name="setUp" finished-at="2020-06-26T08:04:12Z" duration-ms="0" status="PASS">
          <reporter-output>
          </reporter-output>
        </test-method> <!-- setUp -->
        <test-method signature="testTranslateDummy()[pri:0, instance:calculator.TranslatorImplTest@2f490758]" started-at="2020-06-26T08:04:12Z" name="testTranslateDummy" finished-at="2020-06-26T08:04:12Z" duration-ms="0" status="PASS">
          <reporter-output>
          </reporter-output>
        </test-method> <!-- testTranslateDummy -->
        <test-method signature="testTranslateDummy()[pri:0, instance:calculator.TranslatorImplTest@2f490758]" started-at="2020-06-26T08:04:12Z" name="testTranslateDummy" finished-at="2020-06-26T08:04:12Z" duration-ms="0" status="PASS">
          <reporter-output>
          </reporter-output>
        </test-method> <!-- testTranslateDummy -->
        <test-method is-config="true" signature="setUp()[pri:0, instance:calculator.TranslatorImplTest@2f490758]" started-at="2020-06-26T08:04:12Z" name="setUp" finished-at="2020-06-26T08:04:12Z" duration-ms="0" status="PASS">
          <reporter-output>
          </reporter-output>
        </test-method> <!-- setUp -->
        <test-method signature="testTranslateDummy()[pri:0, instance:calculator.TranslatorImplTest@2f490758]" started-at="2020-06-26T08:04:12Z" name="testTranslateDummy" finished-at="2020-06-26T08:04:12Z" duration-ms="1" status="PASS">
          <reporter-output>
          </reporter-output>
        </test-method> <!-- testTranslateDummy -->
        <test-method is-config="true" signature="setUp()[pri:0, instance:calculator.TranslatorImplTest@2f490758]" started-at="2020-06-26T08:04:12Z" name="setUp" finished-at="2020-06-26T08:04:12Z" duration-ms="0" status="PASS">
          <reporter-output>
          </reporter-output>
        </test-method> <!-- setUp -->
        <test-method signature="testTranslateDummy()[pri:0, instance:calculator.TranslatorImplTest@2f490758]" started-at="2020-06-26T08:04:12Z" name="testTranslateDummy" finished-at="2020-06-26T08:04:12Z" duration-ms="0" status="PASS">
          <reporter-output>
          </reporter-output>
        </test-method> <!-- testTranslateDummy -->
        <test-method is-config="true" signature="setUp()[pri:0, instance:calculator.TranslatorImplTest@2f490758]" started-at="2020-06-26T08:04:12Z" name="setUp" finished-at="2020-06-26T08:04:12Z" duration-ms="1" status="PASS">
          <reporter-output>
          </reporter-output>
        </test-method> <!-- setUp -->
        <test-method is-config="true" signature="setUp()[pri:0, instance:calculator.TranslatorImplTest@2f490758]" started-at="2020-06-26T08:04:12Z" name="setUp" finished-at="2020-06-26T08:04:12Z" duration-ms="0" status="PASS">
          <reporter-output>
          </reporter-output>
        </test-method> <!-- setUp -->
        <test-method signature="testTranslateDummy()[pri:0, instance:calculator.TranslatorImplTest@2f490758]" started-at="2020-06-26T08:04:12Z" name="testTranslateDummy" finished-at="2020-06-26T08:04:12Z" duration-ms="0" status="PASS">
          <reporter-output>
          </reporter-output>
        </test-method> <!-- testTranslateDummy -->
        <test-method signature="testTranslateDummy()[pri:0, instance:calculator.TranslatorImplTest@2f490758]" started-at="2020-06-26T08:04:12Z" name="testTranslateDummy" finished-at="2020-06-26T08:04:12Z" duration-ms="1" status="PASS">
          <reporter-output>
          </reporter-output>
        </test-method> <!-- testTranslateDummy -->
        <test-method signature="testTranslateDummy()[pri:0, instance:calculator.TranslatorImplTest@2f490758]" started-at="2020-06-26T08:04:12Z" name="testTranslateDummy" finished-at="2020-06-26T08:04:12Z" duration-ms="0" status="PASS">
          <reporter-output>
          </reporter-output>
        </test-method> <!-- testTranslateDummy -->
        <test-method is-config="true" signature="setUp()[pri:0, instance:calculator.TranslatorImplTest@2f490758]" started-at="2020-06-26T08:04:12Z" name="setUp" finished-at="2020-06-26T08:04:12Z" duration-ms="0" status="PASS">
          <reporter-output>
          </reporter-output>
        </test-method> <!-- setUp -->
        <test-method is-config="true" signature="setUp()[pri:0, instance:calculator.TranslatorImplTest@2f490758]" started-at="2020-06-26T08:04:12Z" name="setUp" finished-at="2020-06-26T08:04:12Z" duration-ms="0" status="PASS">
          <reporter-output>
          </reporter-output>
        </test-method> <!-- setUp -->
        <test-method signature="testTranslateDummy()[pri:0, instance:calculator.TranslatorImplTest@2f490758]" started-at="2020-06-26T08:04:12Z" name="testTranslateDummy" finished-at="2020-06-26T08:04:12Z" duration-ms="0" status="PASS">
          <reporter-output>
          </reporter-output>
        </test-method> <!-- testTranslateDummy -->
        <test-method signature="testTranslateDummy()[pri:0, instance:calculator.TranslatorImplTest@2f490758]" started-at="2020-06-26T08:04:12Z" name="testTranslateDummy" finished-at="2020-06-26T08:04:12Z" duration-ms="0" status="PASS">
          <reporter-output>
          </reporter-output>
        </test-method> <!-- testTranslateDummy -->
        <test-method signature="testTranslateDummy()[pri:0, instance:calculator.TranslatorImplTest@2f490758]" started-at="2020-06-26T08:04:12Z" name="testTranslateDummy" finished-at="2020-06-26T08:04:12Z" duration-ms="0" status="PASS">
          <reporter-output>
          </reporter-output>
        </test-method> <!-- testTranslateDummy -->
        <test-method is-config="true" signature="setUp()[pri:0, instance:calculator.TranslatorImplTest@2f490758]" started-at="2020-06-26T08:04:12Z" name="setUp" finished-at="2020-06-26T08:04:12Z" duration-ms="0" status="PASS">
          <reporter-output>
          </reporter-output>
        </test-method> <!-- setUp -->
        <test-method is-config="true" signature="setUp()[pri:0, instance:calculator.TranslatorImplTest@2f490758]" started-at="2020-06-26T08:04:12Z" name="setUp" finished-at="2020-06-26T08:04:12Z" duration-ms="1" status="PASS">
          <reporter-output>
          </reporter-output>
        </test-method> <!-- setUp -->
        <test-method signature="testTranslateDummy()[pri:0, instance:calculator.TranslatorImplTest@2f490758]" started-at="2020-06-26T08:04:12Z" name="testTranslateDummy" finished-at="2020-06-26T08:04:12Z" duration-ms="0" status="PASS">
          <reporter-output>
          </reporter-output>
        </test-method> <!-- testTranslateDummy -->
        <test-method signature="testTranslateDummy()[pri:0, instance:calculator.TranslatorImplTest@2f490758]" started-at="2020-06-26T08:04:12Z" name="testTranslateDummy" finished-at="2020-06-26T08:04:12Z" duration-ms="0" status="PASS">
          <reporter-output>
          </reporter-output>
        </test-method> <!-- testTranslateDummy -->
        <test-method is-config="true" signature="setUp()[pri:0, instance:calculator.TranslatorImplTest@2f490758]" started-at="2020-06-26T08:04:12Z" name="setUp" finished-at="2020-06-26T08:04:12Z" duration-ms="0" status="PASS">
          <reporter-output>
          </reporter-output>
        </test-method> <!-- setUp -->
        <test-method signature="testTranslateDummy()[pri:0, instance:calculator.TranslatorImplTest@2f490758]" started-at="2020-06-26T08:04:12Z" name="testTranslateDummy" finished-at="2020-06-26T08:04:12Z" duration-ms="0" status="PASS">
          <reporter-output>
          </reporter-output>
        </test-method> <!-- testTranslateDummy -->
        <test-method is-config="true" signature="setUp()[pri:0, instance:calculator.TranslatorImplTest@2f490758]" started-at="2020-06-26T08:04:12Z" name="setUp" finished-at="2020-06-26T08:04:12Z" duration-ms="0" status="PASS">
          <reporter-output>
          </reporter-output>
        </test-method> <!-- setUp -->
        <test-method signature="testTranslateDummy()[pri:0, instance:calculator.TranslatorImplTest@2f490758]" started-at="2020-06-26T08:04:12Z" name="testTranslateDummy" finished-at="2020-06-26T08:04:12Z" duration-ms="0" status="PASS">
          <reporter-output>
          </reporter-output>
        </test-method> <!-- testTranslateDummy -->
        <test-method is-config="true" signature="setUp()[pri:0, instance:calculator.TranslatorImplTest@2f490758]" started-at="2020-06-26T08:04:12Z" name="setUp" finished-at="2020-06-26T08:04:12Z" duration-ms="1" status="PASS">
          <reporter-output>
          </reporter-output>
        </test-method> <!-- setUp -->
        <test-method signature="testTranslateDummy()[pri:0, instance:calculator.TranslatorImplTest@2f490758]" started-at="2020-06-26T08:04:12Z" name="testTranslateDummy" finished-at="2020-06-26T08:04:12Z" duration-ms="0" status="PASS">
          <reporter-output>
          </reporter-output>
        </test-method> <!-- testTranslateDummy -->
        <test-method is-config="true" signature="setUp()[pri:0, instance:calculator.TranslatorImplTest@2f490758]" started-at="2020-06-26T08:04:12Z" name="setUp" finished-at="2020-06-26T08:04:12Z" duration-ms="0" status="PASS">
          <reporter-output>
          </reporter-output>
        </test-method> <!-- setUp -->
        <test-method is-config="true" signature="setUp()[pri:0, instance:calculator.TranslatorImplTest@2f490758]" started-at="2020-06-26T08:04:12Z" name="setUp" finished-at="2020-06-26T08:04:12Z" duration-ms="1" status="PASS">
          <reporter-output>
          </reporter-output>
        </test-method> <!-- setUp -->
        <test-method is-config="true" signature="setUp()[pri:0, instance:calculator.TranslatorImplTest@2f490758]" started-at="2020-06-26T08:04:12Z" name="setUp" finished-at="2020-06-26T08:04:12Z" duration-ms="0" status="PASS">
          <reporter-output>
          </reporter-output>
        </test-method> <!-- setUp -->
        <test-method signature="testTranslateDummy()[pri:0, instance:calculator.TranslatorImplTest@2f490758]" started-at="2020-06-26T08:04:12Z" name="testTranslateDummy" finished-at="2020-06-26T08:04:12Z" duration-ms="0" status="PASS">
          <reporter-output>
          </reporter-output>
        </test-method> <!-- testTranslateDummy -->
        <test-method signature="testTranslateDummy()[pri:0, instance:calculator.TranslatorImplTest@2f490758]" started-at="2020-06-26T08:04:12Z" name="testTranslateDummy" finished-at="2020-06-26T08:04:12Z" duration-ms="0" status="PASS">
          <reporter-output>
          </reporter-output>
        </test-method> <!-- testTranslateDummy -->
        <test-method is-config="true" signature="setUp()[pri:0, instance:calculator.TranslatorImplTest@2f490758]" started-at="2020-06-26T08:04:12Z" name="setUp" finished-at="2020-06-26T08:04:12Z" duration-ms="0" status="PASS">
          <reporter-output>
          </reporter-output>
        </test-method> <!-- setUp -->
        <test-method signature="testTranslateDummy()[pri:0, instance:calculator.TranslatorImplTest@2f490758]" started-at="2020-06-26T08:04:12Z" name="testTranslateDummy" finished-at="2020-06-26T08:04:12Z" duration-ms="1" status="PASS">
          <reporter-output>
          </reporter-output>
        </test-method> <!-- testTranslateDummy -->
        <test-method signature="testTranslateDummy()[pri:0, instance:calculator.TranslatorImplTest@2f490758]" started-at="2020-06-26T08:04:12Z" name="testTranslateDummy" finished-at="2020-06-26T08:04:12Z" duration-ms="0" status="PASS">
          <reporter-output>
          </reporter-output>
        </test-method> <!-- testTranslateDummy -->
        <test-method is-config="true" signature="setUp()[pri:0, instance:calculator.TranslatorImplTest@2f490758]" started-at="2020-06-26T08:04:12Z" name="setUp" finished-at="2020-06-26T08:04:12Z" duration-ms="0" status="PASS">
          <reporter-output>
          </reporter-output>
        </test-method> <!-- setUp -->
        <test-method is-config="true" signature="setUp()[pri:0, instance:calculator.TranslatorImplTest@2f490758]" started-at="2020-06-26T08:04:12Z" name="setUp" finished-at="2020-06-26T08:04:12Z" duration-ms="0" status="PASS">
          <reporter-output>
          </reporter-output>
        </test-method> <!-- setUp -->
        <test-method signature="testTranslateDummy()[pri:0, instance:calculator.TranslatorImplTest@2f490758]" started-at="2020-06-26T08:04:12Z" name="testTranslateDummy" finished-at="2020-06-26T08:04:12Z" duration-ms="0" status="PASS">
          <reporter-output>
          </reporter-output>
        </test-method> <!-- testTranslateDummy -->
        <test-method is-config="true" signature="setUp()[pri:0, instance:calculator.TranslatorImplTest@2f490758]" started-at="2020-06-26T08:04:12Z" name="setUp" finished-at="2020-06-26T08:04:12Z" duration-ms="0" status="PASS">
          <reporter-output>
          </reporter-output>
        </test-method> <!-- setUp -->
        <test-method signature="testTranslateDummy()[pri:0, instance:calculator.TranslatorImplTest@2f490758]" started-at="2020-06-26T08:04:12Z" name="testTranslateDummy" finished-at="2020-06-26T08:04:12Z" duration-ms="0" status="PASS">
          <reporter-output>
          </reporter-output>
        </test-method> <!-- testTranslateDummy -->
        <test-method is-config="true" signature="setUp()[pri:0, instance:calculator.TranslatorImplTest@2f490758]" started-at="2020-06-26T08:04:12Z" name="setUp" finished-at="2020-06-26T08:04:12Z" duration-ms="0" status="PASS">
          <reporter-output>
          </reporter-output>
        </test-method> <!-- setUp -->
        <test-method signature="testTranslateDummy()[pri:0, instance:calculator.TranslatorImplTest@2f490758]" started-at="2020-06-26T08:04:12Z" name="testTranslateDummy" finished-at="2020-06-26T08:04:12Z" duration-ms="1" status="PASS">
          <reporter-output>
          </reporter-output>
        </test-method> <!-- testTranslateDummy -->
        <test-method signature="testTranslateDummy()[pri:0, instance:calculator.TranslatorImplTest@2f490758]" started-at="2020-06-26T08:04:12Z" name="testTranslateDummy" finished-at="2020-06-26T08:04:12Z" duration-ms="0" status="PASS">
          <reporter-output>
          </reporter-output>
        </test-method> <!-- testTranslateDummy -->
        <test-method signature="testTranslateDummy()[pri:0, instance:calculator.TranslatorImplTest@2f490758]" started-at="2020-06-26T08:04:12Z" name="testTranslateDummy" finished-at="2020-06-26T08:04:12Z" duration-ms="0" status="PASS">
          <reporter-output>
          </reporter-output>
        </test-method> <!-- testTranslateDummy -->
        <test-method signature="testTranslateDummy()[pri:0, instance:calculator.TranslatorImplTest@2f490758]" started-at="2020-06-26T08:04:12Z" name="testTranslateDummy" finished-at="2020-06-26T08:04:12Z" duration-ms="0" status="PASS">
          <reporter-output>
          </reporter-output>
        </test-method> <!-- testTranslateDummy -->
        <test-method signature="testTranslateDummy()[pri:0, instance:calculator.TranslatorImplTest@2f490758]" started-at="2020-06-26T08:04:12Z" name="testTranslateDummy" finished-at="2020-06-26T08:04:12Z" duration-ms="0" status="PASS">
          <reporter-output>
          </reporter-output>
        </test-method> <!-- testTranslateDummy -->
        <test-method is-config="true" signature="setUp()[pri:0, instance:calculator.TranslatorImplTest@2f490758]" started-at="2020-06-26T08:04:12Z" name="setUp" finished-at="2020-06-26T08:04:12Z" duration-ms="0" status="PASS">
          <reporter-output>
          </reporter-output>
        </test-method> <!-- setUp -->
        <test-method is-config="true" signature="setUp()[pri:0, instance:calculator.TranslatorImplTest@2f490758]" started-at="2020-06-26T08:04:12Z" name="setUp" finished-at="2020-06-26T08:04:12Z" duration-ms="0" status="PASS">
          <reporter-output>
          </reporter-output>
        </test-method> <!-- setUp -->
        <test-method is-config="true" signature="setUp()[pri:0, instance:calculator.TranslatorImplTest@2f490758]" started-at="2020-06-26T08:04:12Z" name="setUp" finished-at="2020-06-26T08:04:12Z" duration-ms="0" status="PASS">
          <reporter-output>
          </reporter-output>
        </test-method> <!-- setUp -->
        <test-method is-config="true" signature="setUp()[pri:0, instance:calculator.TranslatorImplTest@2f490758]" started-at="2020-06-26T08:04:12Z" name="setUp" finished-at="2020-06-26T08:04:12Z" duration-ms="1" status="PASS">
          <reporter-output>
          </reporter-output>
        </test-method> <!-- setUp -->
        <test-method is-config="true" signature="setUp()[pri:0, instance:calculator.TranslatorImplTest@2f490758]" started-at="2020-06-26T08:04:12Z" name="setUp" finished-at="2020-06-26T08:04:12Z" duration-ms="0" status="PASS">
          <reporter-output>
          </reporter-output>
        </test-method> <!-- setUp -->
        <test-method is-config="true" signature="setUp()[pri:0, instance:calculator.TranslatorImplTest@2f490758]" started-at="2020-06-26T08:04:12Z" name="setUp" finished-at="2020-06-26T08:04:12Z" duration-ms="1" status="PASS">
          <reporter-output>
          </reporter-output>
        </test-method> <!-- setUp -->
        <test-method is-config="true" signature="setUp()[pri:0, instance:calculator.TranslatorImplTest@2f490758]" started-at="2020-06-26T08:04:12Z" name="setUp" finished-at="2020-06-26T08:04:12Z" duration-ms="1" status="PASS">
          <reporter-output>
          </reporter-output>
        </test-method> <!-- setUp -->
        <test-method is-config="true" signature="setUp()[pri:0, instance:calculator.TranslatorImplTest@2f490758]" started-at="2020-06-26T08:04:12Z" name="setUp" finished-at="2020-06-26T08:04:12Z" duration-ms="1" status="PASS">
          <reporter-output>
          </reporter-output>
        </test-method> <!-- setUp -->
        <test-method signature="testTranslateDummy()[pri:0, instance:calculator.TranslatorImplTest@2f490758]" started-at="2020-06-26T08:04:12Z" name="testTranslateDummy" finished-at="2020-06-26T08:04:12Z" duration-ms="0" status="PASS">
          <reporter-output>
          </reporter-output>
        </test-method> <!-- testTranslateDummy -->
        <test-method is-config="true" signature="setUp()[pri:0, instance:calculator.TranslatorImplTest@2f490758]" started-at="2020-06-26T08:04:12Z" name="setUp" finished-at="2020-06-26T08:04:12Z" duration-ms="0" status="PASS">
          <reporter-output>
          </reporter-output>
        </test-method> <!-- setUp -->
        <test-method is-config="true" signature="setUp()[pri:0, instance:calculator.TranslatorImplTest@2f490758]" started-at="2020-06-26T08:04:12Z" name="setUp" finished-at="2020-06-26T08:04:12Z" duration-ms="0" status="PASS">
          <reporter-output>
          </reporter-output>
        </test-method> <!-- setUp -->
        <test-method signature="testTranslateDummy()[pri:0, instance:calculator.TranslatorImplTest@2f490758]" started-at="2020-06-26T08:04:12Z" name="testTranslateDummy" finished-at="2020-06-26T08:04:12Z" duration-ms="1" status="PASS">
          <reporter-output>
          </reporter-output>
        </test-method> <!-- testTranslateDummy -->
        <test-method signature="testTranslateDummy()[pri:0, instance:calculator.TranslatorImplTest@2f490758]" started-at="2020-06-26T08:04:12Z" name="testTranslateDummy" finished-at="2020-06-26T08:04:12Z" duration-ms="0" status="PASS">
          <reporter-output>
          </reporter-output>
        </test-method> <!-- testTranslateDummy -->
        <test-method is-config="true" signature="setUp()[pri:0, instance:calculator.TranslatorImplTest@2f490758]" started-at="2020-06-26T08:04:12Z" name="setUp" finished-at="2020-06-26T08:04:12Z" duration-ms="1" status="PASS">
          <reporter-output>
          </reporter-output>
        </test-method> <!-- setUp -->
        <test-method is-config="true" signature="setUp()[pri:0, instance:calculator.TranslatorImplTest@2f490758]" started-at="2020-06-26T08:04:12Z" name="setUp" finished-at="2020-06-26T08:04:12Z" duration-ms="0" status="PASS">
          <reporter-output>
          </reporter-output>
        </test-method> <!-- setUp -->
        <test-method signature="testTranslateDummy()[pri:0, instance:calculator.TranslatorImplTest@2f490758]" started-at="2020-06-26T08:04:12Z" name="testTranslateDummy" finished-at="2020-06-26T08:04:12Z" duration-ms="0" status="PASS">
          <reporter-output>
          </reporter-output>
        </test-method> <!-- testTranslateDummy -->
        <test-method is-config="true" signature="setUp()[pri:0, instance:calculator.TranslatorImplTest@2f490758]" started-at="2020-06-26T08:04:12Z" name="setUp" finished-at="2020-06-26T08:04:12Z" duration-ms="0" status="PASS">
          <reporter-output>
          </reporter-output>
        </test-method> <!-- setUp -->
        <test-method signature="testTranslateDummy()[pri:0, instance:calculator.TranslatorImplTest@2f490758]" started-at="2020-06-26T08:04:12Z" name="testTranslateDummy" finished-at="2020-06-26T08:04:12Z" duration-ms="0" status="PASS">
          <reporter-output>
          </reporter-output>
        </test-method> <!-- testTranslateDummy -->
        <test-method signature="testTranslateDummy()[pri:0, instance:calculator.TranslatorImplTest@2f490758]" started-at="2020-06-26T08:04:12Z" name="testTranslateDummy" finished-at="2020-06-26T08:04:12Z" duration-ms="0" status="PASS">
          <reporter-output>
          </reporter-output>
        </test-method> <!-- testTranslateDummy -->
        <test-method signature="testTranslateDummy()[pri:0, instance:calculator.TranslatorImplTest@2f490758]" started-at="2020-06-26T08:04:12Z" name="testTranslateDummy" finished-at="2020-06-26T08:04:12Z" duration-ms="0" status="PASS">
          <reporter-output>
          </reporter-output>
        </test-method> <!-- testTranslateDummy -->
        <test-method is-config="true" signature="setUp()[pri:0, instance:calculator.TranslatorImplTest@2f490758]" started-at="2020-06-26T08:04:12Z" name="setUp" finished-at="2020-06-26T08:04:12Z" duration-ms="1" status="PASS">
          <reporter-output>
          </reporter-output>
        </test-method> <!-- setUp -->
        <test-method signature="testTranslateDummy()[pri:0, instance:calculator.TranslatorImplTest@2f490758]" started-at="2020-06-26T08:04:12Z" name="testTranslateDummy" finished-at="2020-06-26T08:04:12Z" duration-ms="0" status="PASS">
          <reporter-output>
          </reporter-output>
        </test-method> <!-- testTranslateDummy -->
        <test-method signature="testTranslateDummy()[pri:0, instance:calculator.TranslatorImplTest@2f490758]" started-at="2020-06-26T08:04:12Z" name="testTranslateDummy" finished-at="2020-06-26T08:04:12Z" duration-ms="0" status="PASS">
          <reporter-output>
          </reporter-output>
        </test-method> <!-- testTranslateDummy -->
        <test-method signature="testTranslateDummy()[pri:0, instance:calculator.TranslatorImplTest@2f490758]" started-at="2020-06-26T08:04:12Z" name="testTranslateDummy" finished-at="2020-06-26T08:04:12Z" duration-ms="0" status="PASS">
          <reporter-output>
          </reporter-output>
        </test-method> <!-- testTranslateDummy -->
        <test-method signature="testTranslateDummy()[pri:0, instance:calculator.TranslatorImplTest@2f490758]" started-at="2020-06-26T08:04:12Z" name="testTranslateDummy" finished-at="2020-06-26T08:04:12Z" duration-ms="0" status="PASS">
          <reporter-output>
          </reporter-output>
        </test-method> <!-- testTranslateDummy -->
        <test-method signature="testTranslateDummy()[pri:0, instance:calculator.TranslatorImplTest@2f490758]" started-at="2020-06-26T08:04:12Z" name="testTranslateDummy" finished-at="2020-06-26T08:04:12Z" duration-ms="0" status="PASS">
          <reporter-output>
          </reporter-output>
        </test-method> <!-- testTranslateDummy -->
        <test-method is-config="true" signature="setUp()[pri:0, instance:calculator.TranslatorImplTest@2f490758]" started-at="2020-06-26T08:04:12Z" name="setUp" finished-at="2020-06-26T08:04:12Z" duration-ms="0" status="PASS">
          <reporter-output>
          </reporter-output>
        </test-method> <!-- setUp -->
        <test-method signature="testTranslateDummy()[pri:0, instance:calculator.TranslatorImplTest@2f490758]" started-at="2020-06-26T08:04:12Z" name="testTranslateDummy" finished-at="2020-06-26T08:04:12Z" duration-ms="0" status="PASS">
          <reporter-output>
          </reporter-output>
        </test-method> <!-- testTranslateDummy -->
        <test-method is-config="true" signature="setUp()[pri:0, instance:calculator.TranslatorImplTest@2f490758]" started-at="2020-06-26T08:04:12Z" name="setUp" finished-at="2020-06-26T08:04:12Z" duration-ms="1" status="PASS">
          <reporter-output>
          </reporter-output>
        </test-method> <!-- setUp -->
        <test-method is-config="true" signature="setUp()[pri:0, instance:calculator.TranslatorImplTest@2f490758]" started-at="2020-06-26T08:04:12Z" name="setUp" finished-at="2020-06-26T08:04:12Z" duration-ms="0" status="PASS">
          <reporter-output>
          </reporter-output>
        </test-method> <!-- setUp -->
        <test-method is-config="true" signature="setUp()[pri:0, instance:calculator.TranslatorImplTest@2f490758]" started-at="2020-06-26T08:04:12Z" name="setUp" finished-at="2020-06-26T08:04:12Z" duration-ms="0" status="PASS">
          <reporter-output>
          </reporter-output>
        </test-method> <!-- setUp -->
        <test-method signature="testTranslateDummy()[pri:0, instance:calculator.TranslatorImplTest@2f490758]" started-at="2020-06-26T08:04:12Z" name="testTranslateDummy" finished-at="2020-06-26T08:04:12Z" duration-ms="0" status="PASS">
          <reporter-output>
          </reporter-output>
        </test-method> <!-- testTranslateDummy -->
        <test-method is-config="true" signature="setUp()[pri:0, instance:calculator.TranslatorImplTest@2f490758]" started-at="2020-06-26T08:04:12Z" name="setUp" finished-at="2020-06-26T08:04:12Z" duration-ms="0" status="PASS">
          <reporter-output>
          </reporter-output>
        </test-method> <!-- setUp -->
        <test-method is-config="true" signature="setUp()[pri:0, instance:calculator.TranslatorImplTest@2f490758]" started-at="2020-06-26T08:04:12Z" name="setUp" finished-at="2020-06-26T08:04:12Z" duration-ms="0" status="PASS">
          <reporter-output>
          </reporter-output>
        </test-method> <!-- setUp -->
        <test-method is-config="true" signature="setUp()[pri:0, instance:calculator.TranslatorImplTest@2f490758]" started-at="2020-06-26T08:04:12Z" name="setUp" finished-at="2020-06-26T08:04:12Z" duration-ms="0" status="PASS">
          <reporter-output>
          </reporter-output>
        </test-method> <!-- setUp -->
        <test-method signature="testTranslateDummy()[pri:0, instance:calculator.TranslatorImplTest@2f490758]" started-at="2020-06-26T08:04:12Z" name="testTranslateDummy" finished-at="2020-06-26T08:04:12Z" duration-ms="0" status="PASS">
          <reporter-output>
          </reporter-output>
        </test-method> <!-- testTranslateDummy -->
        <test-method signature="testTranslateDummy()[pri:0, instance:calculator.TranslatorImplTest@2f490758]" started-at="2020-06-26T08:04:12Z" name="testTranslateDummy" finished-at="2020-06-26T08:04:12Z" duration-ms="0" status="PASS">
          <reporter-output>
          </reporter-output>
        </test-method> <!-- testTranslateDummy -->
        <test-method signature="testTranslateDummy()[pri:0, instance:calculator.TranslatorImplTest@2f490758]" started-at="2020-06-26T08:04:12Z" name="testTranslateDummy" finished-at="2020-06-26T08:04:12Z" duration-ms="1" status="PASS">
          <reporter-output>
          </reporter-output>
        </test-method> <!-- testTranslateDummy -->
        <test-method is-config="true" signature="setUp()[pri:0, instance:calculator.TranslatorImplTest@2f490758]" started-at="2020-06-26T08:04:12Z" name="setUp" finished-at="2020-06-26T08:04:12Z" duration-ms="0" status="PASS">
          <reporter-output>
          </reporter-output>
        </test-method> <!-- setUp -->
        <test-method signature="testTranslateDummy()[pri:0, instance:calculator.TranslatorImplTest@2f490758]" started-at="2020-06-26T08:04:12Z" name="testTranslateDummy" finished-at="2020-06-26T08:04:12Z" duration-ms="0" status="PASS">
          <reporter-output>
          </reporter-output>
        </test-method> <!-- testTranslateDummy -->
        <test-method is-config="true" signature="setUp()[pri:0, instance:calculator.TranslatorImplTest@2f490758]" started-at="2020-06-26T08:04:12Z" name="setUp" finished-at="2020-06-26T08:04:12Z" duration-ms="1" status="PASS">
          <reporter-output>
          </reporter-output>
        </test-method> <!-- setUp -->
        <test-method signature="testTranslateDummy()[pri:0, instance:calculator.TranslatorImplTest@2f490758]" started-at="2020-06-26T08:04:12Z" name="testTranslateDummy" finished-at="2020-06-26T08:04:12Z" duration-ms="0" status="PASS">
          <reporter-output>
          </reporter-output>
        </test-method> <!-- testTranslateDummy -->
      </class> <!-- calculator.TranslatorImplTest -->
    </test> <!-- Surefire test -->
  </suite> <!-- Surefire suite -->
</testng-results>
